{"/Users/veronikadunaeva/coursework-shop/middleware/myError.js": {"path":"/Users/veronikadunaeva/coursework-shop/middleware/myError.js","statementMap":{"0":{"start":{"line":3,"column":0},"end":{"line":3,"column":15}},"1":{"start":{"line":4,"column":0},"end":{"line":4,"column":28}},"2":{"start":{"line":5,"column":0},"end":{"line":5,"column":22}},"3":{"start":{"line":8,"column":0},"end":{"line":8,"column":25}}},"fnMap":{"0":{"name":"(anonymous_0)","decl":{"start":{"line":2,"column":0},"end":{"line":2,"column":1}},"loc":{"start":{"line":2,"column":29},"end":{"line":5,"column":23}},"line":2}},"branchMap":{"0":{"loc":{"start":{"line":4,"column":14},"end":{"line":4,"column":27}},"type":"binary-expr","locations":[{"start":{"line":4,"column":14},"end":{"line":4,"column":20}},{"start":{"line":4,"column":24},"end":{"line":4,"column":27}}],"line":4}},"s":{"0":1,"1":1,"2":1,"3":2},"f":{"0":1},"b":{"0":[1,0]},"_coverageSchema":"1a1c01bbd47fc00a2c39e90264f33305004495a9","hash":"60206dfaea3b099bb00113e7fa098aca107c6c06"}
,"/Users/veronikadunaeva/coursework-shop/src/prisma.js": {"path":"/Users/veronikadunaeva/coursework-shop/src/prisma.js","statementMap":{"0":{"start":{"line":1,"column":25},"end":{"line":1,"column":50}},"1":{"start":{"line":2,"column":13},"end":{"line":2,"column":28}},"2":{"start":{"line":4,"column":0},"end":{"line":8,"column":1}},"3":{"start":{"line":5,"column":4},"end":{"line":5,"column":80}},"4":{"start":{"line":7,"column":4},"end":{"line":7,"column":31}},"5":{"start":{"line":10,"column":15},"end":{"line":16,"column":2}},"6":{"start":{"line":18,"column":0},"end":{"line":18,"column":24}}},"fnMap":{},"branchMap":{"0":{"loc":{"start":{"line":4,"column":0},"end":{"line":8,"column":1}},"type":"if","locations":[{"start":{"line":4,"column":0},"end":{"line":8,"column":1}},{"start":{"line":6,"column":7},"end":{"line":8,"column":1}}],"line":4}},"s":{"0":2,"1":2,"2":2,"3":2,"4":0,"5":2,"6":2},"f":{},"b":{"0":[2,0]},"_coverageSchema":"1a1c01bbd47fc00a2c39e90264f33305004495a9","hash":"3dc3c18c41893ac6104f9389d13ca35d5eb68320"}
,"/Users/veronikadunaeva/coursework-shop/src/repositories/analytics.js": {"path":"/Users/veronikadunaeva/coursework-shop/src/repositories/analytics.js","statementMap":{"0":{"start":{"line":4,"column":34},"end":{"line":12,"column":6}},"1":{"start":{"line":5,"column":4},"end":{"line":12,"column":6}},"2":{"start":{"line":14,"column":47},"end":{"line":22,"column":6}},"3":{"start":{"line":15,"column":4},"end":{"line":22,"column":6}},"4":{"start":{"line":24,"column":39},"end":{"line":35,"column":6}},"5":{"start":{"line":25,"column":4},"end":{"line":35,"column":6}},"6":{"start":{"line":37,"column":39},"end":{"line":47,"column":6}},"7":{"start":{"line":38,"column":4},"end":{"line":47,"column":6}},"8":{"start":{"line":49,"column":41},"end":{"line":59,"column":6}},"9":{"start":{"line":50,"column":4},"end":{"line":59,"column":6}},"10":{"start":{"line":61,"column":40},"end":{"line":67,"column":6}},"11":{"start":{"line":62,"column":4},"end":{"line":67,"column":6}},"12":{"start":{"line":69,"column":40},"end":{"line":78,"column":6}},"13":{"start":{"line":70,"column":4},"end":{"line":78,"column":6}},"14":{"start":{"line":80,"column":44},"end":{"line":88,"column":6}},"15":{"start":{"line":81,"column":4},"end":{"line":88,"column":6}},"16":{"start":{"line":90,"column":36},"end":{"line":97,"column":6}},"17":{"start":{"line":91,"column":4},"end":{"line":97,"column":6}},"18":{"start":{"line":99,"column":42},"end":{"line":106,"column":6}},"19":{"start":{"line":100,"column":4},"end":{"line":106,"column":6}},"20":{"start":{"line":108,"column":40},"end":{"line":115,"column":6}},"21":{"start":{"line":109,"column":4},"end":{"line":115,"column":6}},"22":{"start":{"line":117,"column":34},"end":{"line":126,"column":6}},"23":{"start":{"line":118,"column":4},"end":{"line":126,"column":6}}},"fnMap":{"0":{"name":"(anonymous_0)","decl":{"start":{"line":4,"column":34},"end":{"line":4,"column":35}},"loc":{"start":{"line":5,"column":4},"end":{"line":12,"column":6}},"line":5},"1":{"name":"(anonymous_1)","decl":{"start":{"line":14,"column":47},"end":{"line":14,"column":48}},"loc":{"start":{"line":15,"column":4},"end":{"line":22,"column":6}},"line":15},"2":{"name":"(anonymous_2)","decl":{"start":{"line":24,"column":39},"end":{"line":24,"column":40}},"loc":{"start":{"line":25,"column":4},"end":{"line":35,"column":6}},"line":25},"3":{"name":"(anonymous_3)","decl":{"start":{"line":37,"column":39},"end":{"line":37,"column":40}},"loc":{"start":{"line":38,"column":4},"end":{"line":47,"column":6}},"line":38},"4":{"name":"(anonymous_4)","decl":{"start":{"line":49,"column":41},"end":{"line":49,"column":42}},"loc":{"start":{"line":50,"column":4},"end":{"line":59,"column":6}},"line":50},"5":{"name":"(anonymous_5)","decl":{"start":{"line":61,"column":40},"end":{"line":61,"column":41}},"loc":{"start":{"line":62,"column":4},"end":{"line":67,"column":6}},"line":62},"6":{"name":"(anonymous_6)","decl":{"start":{"line":69,"column":40},"end":{"line":69,"column":41}},"loc":{"start":{"line":70,"column":4},"end":{"line":78,"column":6}},"line":70},"7":{"name":"(anonymous_7)","decl":{"start":{"line":80,"column":44},"end":{"line":80,"column":45}},"loc":{"start":{"line":81,"column":4},"end":{"line":88,"column":6}},"line":81},"8":{"name":"(anonymous_8)","decl":{"start":{"line":90,"column":36},"end":{"line":90,"column":37}},"loc":{"start":{"line":91,"column":4},"end":{"line":97,"column":6}},"line":91},"9":{"name":"(anonymous_9)","decl":{"start":{"line":99,"column":42},"end":{"line":99,"column":43}},"loc":{"start":{"line":100,"column":4},"end":{"line":106,"column":6}},"line":100},"10":{"name":"(anonymous_10)","decl":{"start":{"line":108,"column":40},"end":{"line":108,"column":41}},"loc":{"start":{"line":109,"column":4},"end":{"line":115,"column":6}},"line":109},"11":{"name":"(anonymous_11)","decl":{"start":{"line":117,"column":34},"end":{"line":117,"column":35}},"loc":{"start":{"line":118,"column":4},"end":{"line":126,"column":6}},"line":118}},"branchMap":{},"s":{"0":2,"1":0,"2":2,"3":0,"4":2,"5":0,"6":2,"7":0,"8":2,"9":0,"10":2,"11":0,"12":2,"13":0,"14":2,"15":0,"16":2,"17":0,"18":2,"19":0,"20":2,"21":0,"22":2,"23":0},"f":{"0":0,"1":0,"2":0,"3":0,"4":0,"5":0,"6":0,"7":0,"8":0,"9":0,"10":0,"11":0},"b":{},"_coverageSchema":"1a1c01bbd47fc00a2c39e90264f33305004495a9","hash":"f9452cde9b2624605fccc2a2386d8d05cbac1460"}
,"/Users/veronikadunaeva/coursework-shop/src/repositories/crud.js": {"path":"/Users/veronikadunaeva/coursework-shop/src/repositories/crud.js","statementMap":{"0":{"start":{"line":3,"column":17},"end":{"line":3,"column":53}},"1":{"start":{"line":3,"column":32},"end":{"line":3,"column":53}},"2":{"start":{"line":5,"column":22},"end":{"line":8,"column":6}},"3":{"start":{"line":6,"column":4},"end":{"line":8,"column":6}},"4":{"start":{"line":10,"column":22},"end":{"line":13,"column":6}},"5":{"start":{"line":11,"column":4},"end":{"line":13,"column":6}},"6":{"start":{"line":15,"column":22},"end":{"line":16,"column":47}},"7":{"start":{"line":16,"column":4},"end":{"line":16,"column":47}},"8":{"start":{"line":18,"column":22},"end":{"line":22,"column":6}},"9":{"start":{"line":19,"column":4},"end":{"line":22,"column":6}},"10":{"start":{"line":24,"column":26},"end":{"line":28,"column":6}},"11":{"start":{"line":25,"column":4},"end":{"line":28,"column":6}},"12":{"start":{"line":30,"column":22},"end":{"line":33,"column":6}},"13":{"start":{"line":31,"column":4},"end":{"line":33,"column":6}},"14":{"start":{"line":35,"column":21},"end":{"line":37,"column":1}},"15":{"start":{"line":36,"column":4},"end":{"line":36,"column":42}}},"fnMap":{"0":{"name":"(anonymous_0)","decl":{"start":{"line":3,"column":17},"end":{"line":3,"column":18}},"loc":{"start":{"line":3,"column":32},"end":{"line":3,"column":53}},"line":3},"1":{"name":"(anonymous_1)","decl":{"start":{"line":5,"column":22},"end":{"line":5,"column":23}},"loc":{"start":{"line":6,"column":4},"end":{"line":8,"column":6}},"line":6},"2":{"name":"(anonymous_2)","decl":{"start":{"line":10,"column":22},"end":{"line":10,"column":23}},"loc":{"start":{"line":11,"column":4},"end":{"line":13,"column":6}},"line":11},"3":{"name":"(anonymous_3)","decl":{"start":{"line":15,"column":22},"end":{"line":15,"column":23}},"loc":{"start":{"line":16,"column":4},"end":{"line":16,"column":47}},"line":16},"4":{"name":"(anonymous_4)","decl":{"start":{"line":18,"column":22},"end":{"line":18,"column":23}},"loc":{"start":{"line":19,"column":4},"end":{"line":22,"column":6}},"line":19},"5":{"name":"(anonymous_5)","decl":{"start":{"line":24,"column":26},"end":{"line":24,"column":27}},"loc":{"start":{"line":25,"column":4},"end":{"line":28,"column":6}},"line":25},"6":{"name":"(anonymous_6)","decl":{"start":{"line":30,"column":22},"end":{"line":30,"column":23}},"loc":{"start":{"line":31,"column":4},"end":{"line":33,"column":6}},"line":31},"7":{"name":"(anonymous_7)","decl":{"start":{"line":35,"column":21},"end":{"line":35,"column":22}},"loc":{"start":{"line":35,"column":44},"end":{"line":37,"column":1}},"line":35}},"branchMap":{"0":{"loc":{"start":{"line":3,"column":33},"end":{"line":3,"column":45}},"type":"binary-expr","locations":[{"start":{"line":3,"column":33},"end":{"line":3,"column":35}},{"start":{"line":3,"column":39},"end":{"line":3,"column":45}}],"line":3},"1":{"loc":{"start":{"line":15,"column":36},"end":{"line":15,"column":48}},"type":"default-arg","locations":[{"start":{"line":15,"column":46},"end":{"line":15,"column":48}}],"line":15},"2":{"loc":{"start":{"line":35,"column":29},"end":{"line":35,"column":39}},"type":"default-arg","locations":[{"start":{"line":35,"column":37},"end":{"line":35,"column":39}}],"line":35}},"s":{"0":2,"1":9,"2":2,"3":2,"4":2,"5":3,"6":2,"7":2,"8":2,"9":2,"10":2,"11":0,"12":2,"13":0,"14":2,"15":0},"f":{"0":9,"1":2,"2":3,"3":2,"4":2,"5":0,"6":0,"7":0},"b":{"0":[9,2],"1":[0],"2":[0]},"_coverageSchema":"1a1c01bbd47fc00a2c39e90264f33305004495a9","hash":"2d8607ee75be52ac8c0bc00a1b54882a72715a57"}
,"/Users/veronikadunaeva/coursework-shop/src/services/OrderService.js": {"path":"/Users/veronikadunaeva/coursework-shop/src/services/OrderService.js","statementMap":{"0":{"start":{"line":1,"column":16},"end":{"line":1,"column":51}},"1":{"start":{"line":2,"column":15},"end":{"line":2,"column":35}},"2":{"start":{"line":3,"column":13},"end":{"line":3,"column":44}},"3":{"start":{"line":4,"column":22},"end":{"line":4,"column":58}},"4":{"start":{"line":6,"column":0},"end":{"line":100,"column":2}},"5":{"start":{"line":13,"column":2},"end":{"line":99,"column":3}},"6":{"start":{"line":14,"column":4},"end":{"line":93,"column":7}},"7":{"start":{"line":16,"column":23},"end":{"line":16,"column":24}},"8":{"start":{"line":18,"column":6},"end":{"line":49,"column":7}},"9":{"start":{"line":19,"column":24},"end":{"line":23,"column":9}},"10":{"start":{"line":25,"column":8},"end":{"line":27,"column":9}},"11":{"start":{"line":26,"column":10},"end":{"line":26,"column":77}},"12":{"start":{"line":29,"column":8},"end":{"line":33,"column":9}},"13":{"start":{"line":30,"column":10},"end":{"line":32,"column":12}},"14":{"start":{"line":35,"column":8},"end":{"line":46,"column":10}},"15":{"start":{"line":48,"column":8},"end":{"line":48,"column":52}},"16":{"start":{"line":51,"column":6},"end":{"line":53,"column":7}},"17":{"start":{"line":52,"column":8},"end":{"line":52,"column":67}},"18":{"start":{"line":55,"column":20},"end":{"line":72,"column":1}},"19":{"start":{"line":65,"column":33},"end":{"line":68,"column":7}},"20":{"start":{"line":74,"column":0},"end":{"line":83,"column":2}},"21":{"start":{"line":85,"column":0},"end":{"line":91,"column":3}},"22":{"start":{"line":95,"column":4},"end":{"line":95,"column":61}},"23":{"start":{"line":95,"column":49},"end":{"line":95,"column":61}},"24":{"start":{"line":96,"column":4},"end":{"line":96,"column":46}},"25":{"start":{"line":96,"column":34},"end":{"line":96,"column":46}},"26":{"start":{"line":98,"column":4},"end":{"line":98,"column":67}},"27":{"start":{"line":103,"column":0},"end":{"line":109,"column":2}},"28":{"start":{"line":104,"column":19},"end":{"line":104,"column":65}},"29":{"start":{"line":105,"column":4},"end":{"line":107,"column":5}},"30":{"start":{"line":106,"column":8},"end":{"line":106,"column":61}},"31":{"start":{"line":108,"column":4},"end":{"line":108,"column":21}},"32":{"start":{"line":111,"column":0},"end":{"line":120,"column":2}},"33":{"start":{"line":112,"column":19},"end":{"line":112,"column":72}},"34":{"start":{"line":113,"column":4},"end":{"line":115,"column":5}},"35":{"start":{"line":114,"column":8},"end":{"line":114,"column":60}},"36":{"start":{"line":116,"column":4},"end":{"line":119,"column":8}},"37":{"start":{"line":116,"column":30},"end":{"line":119,"column":5}},"38":{"start":{"line":122,"column":0},"end":{"line":132,"column":2}},"39":{"start":{"line":123,"column":19},"end":{"line":123,"column":59}},"40":{"start":{"line":124,"column":4},"end":{"line":126,"column":5}},"41":{"start":{"line":125,"column":8},"end":{"line":125,"column":63}},"42":{"start":{"line":127,"column":4},"end":{"line":131,"column":8}},"43":{"start":{"line":127,"column":30},"end":{"line":131,"column":5}}},"fnMap":{"0":{"name":"(anonymous_0)","decl":{"start":{"line":6,"column":37},"end":{"line":6,"column":38}},"loc":{"start":{"line":12,"column":6},"end":{"line":100,"column":1}},"line":12},"1":{"name":"(anonymous_1)","decl":{"start":{"line":14,"column":37},"end":{"line":14,"column":38}},"loc":{"start":{"line":14,"column":51},"end":{"line":93,"column":5}},"line":14},"2":{"name":"(anonymous_2)","decl":{"start":{"line":65,"column":24},"end":{"line":65,"column":25}},"loc":{"start":{"line":65,"column":33},"end":{"line":68,"column":7}},"line":65},"3":{"name":"(anonymous_3)","decl":{"start":{"line":103,"column":29},"end":{"line":103,"column":30}},"loc":{"start":{"line":103,"column":41},"end":{"line":109,"column":1}},"line":103},"4":{"name":"(anonymous_4)","decl":{"start":{"line":111,"column":26},"end":{"line":111,"column":27}},"loc":{"start":{"line":111,"column":38},"end":{"line":120,"column":1}},"line":111},"5":{"name":"(anonymous_5)","decl":{"start":{"line":116,"column":22},"end":{"line":116,"column":23}},"loc":{"start":{"line":116,"column":30},"end":{"line":119,"column":5}},"line":116},"6":{"name":"(anonymous_6)","decl":{"start":{"line":122,"column":29},"end":{"line":122,"column":30}},"loc":{"start":{"line":122,"column":41},"end":{"line":132,"column":1}},"line":122},"7":{"name":"(anonymous_7)","decl":{"start":{"line":127,"column":22},"end":{"line":127,"column":23}},"loc":{"start":{"line":127,"column":30},"end":{"line":131,"column":5}},"line":127}},"branchMap":{"0":{"loc":{"start":{"line":10,"column":2},"end":{"line":10,"column":14}},"type":"default-arg","locations":[{"start":{"line":10,"column":13},"end":{"line":10,"column":14}}],"line":10},"1":{"loc":{"start":{"line":25,"column":8},"end":{"line":27,"column":9}},"type":"if","locations":[{"start":{"line":25,"column":8},"end":{"line":27,"column":9}},{"start":{},"end":{}}],"line":25},"2":{"loc":{"start":{"line":29,"column":8},"end":{"line":33,"column":9}},"type":"if","locations":[{"start":{"line":29,"column":8},"end":{"line":33,"column":9}},{"start":{},"end":{}}],"line":29},"3":{"loc":{"start":{"line":41,"column":14},"end":{"line":43,"column":32}},"type":"cond-expr","locations":[{"start":{"line":42,"column":18},"end":{"line":42,"column":28}},{"start":{"line":43,"column":18},"end":{"line":43,"column":32}}],"line":41},"4":{"loc":{"start":{"line":51,"column":6},"end":{"line":53,"column":7}},"type":"if","locations":[{"start":{"line":51,"column":6},"end":{"line":53,"column":7}},{"start":{},"end":{}}],"line":51},"5":{"loc":{"start":{"line":95,"column":4},"end":{"line":95,"column":61}},"type":"if","locations":[{"start":{"line":95,"column":4},"end":{"line":95,"column":61}},{"start":{},"end":{}}],"line":95},"6":{"loc":{"start":{"line":96,"column":4},"end":{"line":96,"column":46}},"type":"if","locations":[{"start":{"line":96,"column":4},"end":{"line":96,"column":46}},{"start":{},"end":{}}],"line":96},"7":{"loc":{"start":{"line":105,"column":4},"end":{"line":107,"column":5}},"type":"if","locations":[{"start":{"line":105,"column":4},"end":{"line":107,"column":5}},{"start":{},"end":{}}],"line":105},"8":{"loc":{"start":{"line":105,"column":8},"end":{"line":105,"column":38}},"type":"binary-expr","locations":[{"start":{"line":105,"column":8},"end":{"line":105,"column":15}},{"start":{"line":105,"column":19},"end":{"line":105,"column":38}}],"line":105},"9":{"loc":{"start":{"line":113,"column":4},"end":{"line":115,"column":5}},"type":"if","locations":[{"start":{"line":113,"column":4},"end":{"line":115,"column":5}},{"start":{},"end":{}}],"line":113},"10":{"loc":{"start":{"line":113,"column":8},"end":{"line":113,"column":38}},"type":"binary-expr","locations":[{"start":{"line":113,"column":8},"end":{"line":113,"column":15}},{"start":{"line":113,"column":19},"end":{"line":113,"column":38}}],"line":113},"11":{"loc":{"start":{"line":124,"column":4},"end":{"line":126,"column":5}},"type":"if","locations":[{"start":{"line":124,"column":4},"end":{"line":126,"column":5}},{"start":{},"end":{}}],"line":124},"12":{"loc":{"start":{"line":124,"column":8},"end":{"line":124,"column":38}},"type":"binary-expr","locations":[{"start":{"line":124,"column":8},"end":{"line":124,"column":15}},{"start":{"line":124,"column":19},"end":{"line":124,"column":38}}],"line":124}},"s":{"0":1,"1":1,"2":1,"3":1,"4":1,"5":2,"6":2,"7":2,"8":2,"9":3,"10":3,"11":0,"12":3,"13":1,"14":2,"15":2,"16":1,"17":1,"18":1,"19":2,"20":1,"21":1,"22":1,"23":0,"24":0,"25":0,"26":0,"27":1,"28":0,"29":0,"30":0,"31":0,"32":1,"33":0,"34":0,"35":0,"36":0,"37":0,"38":1,"39":0,"40":0,"41":0,"42":0,"43":0},"f":{"0":2,"1":2,"2":2,"3":0,"4":0,"5":0,"6":0,"7":0},"b":{"0":[1],"1":[0,3],"2":[1,2],"3":[2,0],"4":[1,0],"5":[0,0],"6":[0,0],"7":[0,0],"8":[0,0],"9":[0,0],"10":[0,0],"11":[0,0],"12":[0,0]},"_coverageSchema":"1a1c01bbd47fc00a2c39e90264f33305004495a9","hash":"d4f4c1f358f421ef6b1853ff129399237a0d3e80"}
,"/Users/veronikadunaeva/coursework-shop/src/services/productService.js": {"path":"/Users/veronikadunaeva/coursework-shop/src/services/productService.js","statementMap":{"0":{"start":{"line":1,"column":16},"end":{"line":1,"column":51}},"1":{"start":{"line":2,"column":13},"end":{"line":2,"column":44}},"2":{"start":{"line":3,"column":22},"end":{"line":3,"column":58}},"3":{"start":{"line":5,"column":0},"end":{"line":18,"column":2}},"4":{"start":{"line":6,"column":21},"end":{"line":11,"column":6}},"5":{"start":{"line":13,"column":4},"end":{"line":15,"column":5}},"6":{"start":{"line":14,"column":8},"end":{"line":14,"column":72}},"7":{"start":{"line":17,"column":4},"end":{"line":17,"column":23}},"8":{"start":{"line":19,"column":0},"end":{"line":26,"column":2}},"9":{"start":{"line":20,"column":19},"end":{"line":20,"column":64}},"10":{"start":{"line":21,"column":4},"end":{"line":21,"column":95}},"11":{"start":{"line":21,"column":40},"end":{"line":21,"column":95}},"12":{"start":{"line":22,"column":4},"end":{"line":25,"column":8}},"13":{"start":{"line":22,"column":30},"end":{"line":25,"column":5}},"14":{"start":{"line":28,"column":0},"end":{"line":32,"column":2}},"15":{"start":{"line":29,"column":19},"end":{"line":29,"column":64}},"16":{"start":{"line":30,"column":4},"end":{"line":30,"column":93}},"17":{"start":{"line":30,"column":40},"end":{"line":30,"column":93}},"18":{"start":{"line":31,"column":4},"end":{"line":31,"column":18}},"19":{"start":{"line":34,"column":0},"end":{"line":41,"column":2}},"20":{"start":{"line":35,"column":19},"end":{"line":35,"column":66}},"21":{"start":{"line":36,"column":4},"end":{"line":36,"column":92}},"22":{"start":{"line":36,"column":40},"end":{"line":36,"column":92}},"23":{"start":{"line":37,"column":4},"end":{"line":40,"column":8}},"24":{"start":{"line":37,"column":30},"end":{"line":40,"column":5}},"25":{"start":{"line":43,"column":0},"end":{"line":47,"column":2}},"26":{"start":{"line":44,"column":19},"end":{"line":44,"column":69}},"27":{"start":{"line":45,"column":4},"end":{"line":45,"column":92}},"28":{"start":{"line":45,"column":40},"end":{"line":45,"column":92}},"29":{"start":{"line":46,"column":4},"end":{"line":46,"column":18}},"30":{"start":{"line":49,"column":0},"end":{"line":53,"column":2}},"31":{"start":{"line":50,"column":19},"end":{"line":50,"column":67}},"32":{"start":{"line":51,"column":4},"end":{"line":51,"column":87}},"33":{"start":{"line":51,"column":40},"end":{"line":51,"column":87}},"34":{"start":{"line":52,"column":4},"end":{"line":52,"column":18}},"35":{"start":{"line":55,"column":0},"end":{"line":61,"column":2}},"36":{"start":{"line":56,"column":4},"end":{"line":60,"column":6}},"37":{"start":{"line":63,"column":0},"end":{"line":69,"column":2}},"38":{"start":{"line":64,"column":4},"end":{"line":68,"column":6}}},"fnMap":{"0":{"name":"(anonymous_0)","decl":{"start":{"line":5,"column":21},"end":{"line":5,"column":22}},"loc":{"start":{"line":5,"column":35},"end":{"line":18,"column":1}},"line":5},"1":{"name":"(anonymous_1)","decl":{"start":{"line":19,"column":37},"end":{"line":19,"column":38}},"loc":{"start":{"line":19,"column":49},"end":{"line":26,"column":1}},"line":19},"2":{"name":"(anonymous_2)","decl":{"start":{"line":22,"column":22},"end":{"line":22,"column":23}},"loc":{"start":{"line":22,"column":30},"end":{"line":25,"column":5}},"line":22},"3":{"name":"(anonymous_3)","decl":{"start":{"line":28,"column":34},"end":{"line":28,"column":35}},"loc":{"start":{"line":28,"column":46},"end":{"line":32,"column":1}},"line":28},"4":{"name":"(anonymous_4)","decl":{"start":{"line":34,"column":32},"end":{"line":34,"column":33}},"loc":{"start":{"line":34,"column":44},"end":{"line":41,"column":1}},"line":34},"5":{"name":"(anonymous_5)","decl":{"start":{"line":37,"column":22},"end":{"line":37,"column":23}},"loc":{"start":{"line":37,"column":30},"end":{"line":40,"column":5}},"line":37},"6":{"name":"(anonymous_6)","decl":{"start":{"line":43,"column":29},"end":{"line":43,"column":30}},"loc":{"start":{"line":43,"column":41},"end":{"line":47,"column":1}},"line":43},"7":{"name":"(anonymous_7)","decl":{"start":{"line":49,"column":25},"end":{"line":49,"column":26}},"loc":{"start":{"line":49,"column":37},"end":{"line":53,"column":1}},"line":49},"8":{"name":"(anonymous_8)","decl":{"start":{"line":55,"column":28},"end":{"line":55,"column":29}},"loc":{"start":{"line":55,"column":42},"end":{"line":61,"column":1}},"line":55},"9":{"name":"(anonymous_9)","decl":{"start":{"line":63,"column":25},"end":{"line":63,"column":26}},"loc":{"start":{"line":63,"column":39},"end":{"line":69,"column":1}},"line":63}},"branchMap":{"0":{"loc":{"start":{"line":13,"column":4},"end":{"line":15,"column":5}},"type":"if","locations":[{"start":{"line":13,"column":4},"end":{"line":15,"column":5}},{"start":{},"end":{}}],"line":13},"1":{"loc":{"start":{"line":13,"column":8},"end":{"line":13,"column":42}},"type":"binary-expr","locations":[{"start":{"line":13,"column":8},"end":{"line":13,"column":17}},{"start":{"line":13,"column":21},"end":{"line":13,"column":42}}],"line":13},"2":{"loc":{"start":{"line":21,"column":4},"end":{"line":21,"column":95}},"type":"if","locations":[{"start":{"line":21,"column":4},"end":{"line":21,"column":95}},{"start":{},"end":{}}],"line":21},"3":{"loc":{"start":{"line":21,"column":8},"end":{"line":21,"column":38}},"type":"binary-expr","locations":[{"start":{"line":21,"column":8},"end":{"line":21,"column":15}},{"start":{"line":21,"column":19},"end":{"line":21,"column":38}}],"line":21},"4":{"loc":{"start":{"line":30,"column":4},"end":{"line":30,"column":93}},"type":"if","locations":[{"start":{"line":30,"column":4},"end":{"line":30,"column":93}},{"start":{},"end":{}}],"line":30},"5":{"loc":{"start":{"line":30,"column":8},"end":{"line":30,"column":38}},"type":"binary-expr","locations":[{"start":{"line":30,"column":8},"end":{"line":30,"column":15}},{"start":{"line":30,"column":19},"end":{"line":30,"column":38}}],"line":30},"6":{"loc":{"start":{"line":36,"column":4},"end":{"line":36,"column":92}},"type":"if","locations":[{"start":{"line":36,"column":4},"end":{"line":36,"column":92}},{"start":{},"end":{}}],"line":36},"7":{"loc":{"start":{"line":36,"column":8},"end":{"line":36,"column":38}},"type":"binary-expr","locations":[{"start":{"line":36,"column":8},"end":{"line":36,"column":15}},{"start":{"line":36,"column":19},"end":{"line":36,"column":38}}],"line":36},"8":{"loc":{"start":{"line":45,"column":4},"end":{"line":45,"column":92}},"type":"if","locations":[{"start":{"line":45,"column":4},"end":{"line":45,"column":92}},{"start":{},"end":{}}],"line":45},"9":{"loc":{"start":{"line":45,"column":8},"end":{"line":45,"column":38}},"type":"binary-expr","locations":[{"start":{"line":45,"column":8},"end":{"line":45,"column":15}},{"start":{"line":45,"column":19},"end":{"line":45,"column":38}}],"line":45},"10":{"loc":{"start":{"line":51,"column":4},"end":{"line":51,"column":87}},"type":"if","locations":[{"start":{"line":51,"column":4},"end":{"line":51,"column":87}},{"start":{},"end":{}}],"line":51},"11":{"loc":{"start":{"line":51,"column":8},"end":{"line":51,"column":38}},"type":"binary-expr","locations":[{"start":{"line":51,"column":8},"end":{"line":51,"column":15}},{"start":{"line":51,"column":19},"end":{"line":51,"column":38}}],"line":51}},"s":{"0":1,"1":1,"2":1,"3":1,"4":2,"5":2,"6":1,"7":1,"8":1,"9":0,"10":0,"11":0,"12":0,"13":0,"14":1,"15":0,"16":0,"17":0,"18":0,"19":1,"20":0,"21":0,"22":0,"23":0,"24":0,"25":1,"26":0,"27":0,"28":0,"29":0,"30":1,"31":0,"32":0,"33":0,"34":0,"35":1,"36":0,"37":1,"38":0},"f":{"0":2,"1":0,"2":0,"3":0,"4":0,"5":0,"6":0,"7":0,"8":0,"9":0},"b":{"0":[1,1],"1":[2,2],"2":[0,0],"3":[0,0],"4":[0,0],"5":[0,0],"6":[0,0],"7":[0,0],"8":[0,0],"9":[0,0],"10":[0,0],"11":[0,0]},"_coverageSchema":"1a1c01bbd47fc00a2c39e90264f33305004495a9","hash":"cc33914174d507a78b995727913d68708837e4cc"}
}
